<?xml version="1.0" encoding="UTF-8"?>
<!-- Generated by org.testng.reporters.JUnitReportReporter -->
<testsuite hostname="amit-IdeaPad-3-15ITL6" failures="0" tests="3" name="Automation.Form_Automation" time="23.631" errors="0" timestamp="2024-08-29T15:13:13 IST" skipped="0">
  <testcase classname="Automation.Form_Automation" name="FillForm" time="21.296"/>
  <testcase classname="Automation.Form_Automation" name="LaunchBrowser" time="0.887"/>
  <testcase classname="Automation.Form_Automation" name="VisitSite" time="1.448"/>
</testsuite> <!-- Automation.Form_Automation -->
