<?xml version="1.0" encoding="UTF-8"?>
<!-- Generated by org.testng.reporters.JUnitReportReporter -->
<testsuite hostname="amit-IdeaPad-3-15ITL6" failures="0" tests="3" name="Automation.Form_Automation" time="63.902" errors="0" timestamp="2024-08-29T11:31:33 IST" skipped="0">
  <testcase classname="Automation.Form_Automation" name="FillIpriveForm" time="57.172"/>
  <testcase classname="Automation.Form_Automation" name="LaunchBrowser" time="3.221"/>
  <testcase classname="Automation.Form_Automation" name="VisitSite" time="3.509"/>
</testsuite> <!-- Automation.Form_Automation -->
